2018-09-05 14:21:20 [65.49.218.3][-][-][error][yii\base\InvalidConfigException] yii\base\InvalidConfigException: yii\web\Request::cookieValidationKey must be configured with a secret key. in /var/www/basic/vendor/yiisoft/yii2/web/Request.php:1554
Stack trace:
#0 /var/www/basic/vendor/yiisoft/yii2/web/Request.php(1536): yii\web\Request->loadCookies()
#1 /var/www/basic/vendor/yiisoft/yii2/web/User.php(586): yii\web\Request->getCookies()
#2 /var/www/basic/vendor/yiisoft/yii2/web/User.php(314): yii\web\User->getIdentityAndDurationFromCookie()
#3 /var/www/basic/vendor/yiisoft/yii2/web/User.php(707): yii\web\User->loginByCookie()
#4 /var/www/basic/vendor/yiisoft/yii2/web/User.php(192): yii\web\User->renewAuthStatus()
#5 /var/www/basic/vendor/yiisoft/yii2/web/User.php(360): yii\web\User->getIdentity()
#6 /var/www/basic/vendor/yiisoft/yii2/base/Component.php(139): yii\web\User->getIsGuest()
#7 /var/www/basic/vendor/yiisoft/yii2-debug/panels/UserPanel.php(81): yii\base\Component->__get('isGuest')
#8 /var/www/basic/vendor/yiisoft/yii2/base/BaseObject.php(109): yii\debug\panels\UserPanel->init()
#9 [internal function]: yii\base\BaseObject->__construct(Array)
#10 /var/www/basic/vendor/yiisoft/yii2/di/Container.php(383): ReflectionClass->newInstanceArgs(Array)
#11 /var/www/basic/vendor/yiisoft/yii2/di/Container.php(156): yii\di\Container->build('yii\\debug\\panel...', Array, Array)
#12 /var/www/basic/vendor/yiisoft/yii2/BaseYii.php(349): yii\di\Container->get('yii\\debug\\panel...', Array, Array)
#13 /var/www/basic/vendor/yiisoft/yii2-debug/Module.php(177): yii\BaseYii::createObject(Array)
#14 /var/www/basic/vendor/yiisoft/yii2-debug/Module.php(149): yii\debug\Module->initPanels()
#15 /var/www/basic/vendor/yiisoft/yii2/base/BaseObject.php(109): yii\debug\Module->init()
#16 /var/www/basic/vendor/yiisoft/yii2/base/Module.php(158): yii\base\BaseObject->__construct(Array)
#17 [internal function]: yii\base\Module->__construct('debug', Object(yii\web\Application), Array)
#18 /var/www/basic/vendor/yiisoft/yii2/di/Container.php(375): ReflectionClass->newInstanceArgs(Array)
#19 /var/www/basic/vendor/yiisoft/yii2/di/Container.php(156): yii\di\Container->build('yii\\debug\\Modul...', Array, Array)
#20 /var/www/basic/vendor/yiisoft/yii2/BaseYii.php(349): yii\di\Container->get('yii\\debug\\Modul...', Array, Array)
#21 /var/www/basic/vendor/yiisoft/yii2/base/Module.php(427): yii\BaseYii::createObject(Array, Array)
#22 /var/www/basic/vendor/yiisoft/yii2/base/Application.php(315): yii\base\Module->getModule('debug')
#23 /var/www/basic/vendor/yiisoft/yii2/web/Application.php(69): yii\base\Application->bootstrap()
#24 /var/www/basic/vendor/yiisoft/yii2/base/Application.php(273): yii\web\Application->bootstrap()
#25 /var/www/basic/vendor/yiisoft/yii2/base/BaseObject.php(109): yii\base\Application->init()
#26 /var/www/basic/vendor/yiisoft/yii2/base/Application.php(206): yii\base\BaseObject->__construct(Array)
#27 /var/www/basic/web/index.php(12): yii\base\Application->__construct(Array)
#28 {main}
2018-09-05 14:21:20 [65.49.218.3][-][-][info][application] $_GET = []

$_POST = []

$_FILES = []

$_COOKIE = []

$_SERVER = [
    'USER' => 'apache'
    'HOME' => '/usr/share/httpd'
    'HTTP_CONNECTION' => 'close'
    'HTTP_ACCEPT_LANGUAGE' => 'zh-CN,zh;q=0.9,fr-CA;q=0.8,fr;q=0.7'
    'HTTP_ACCEPT_ENCODING' => 'gzip, deflate'
    'HTTP_ACCEPT' => 'text/html,application/xhtml+xml,application/xml;q=0.9,image/webp,image/apng,*/*;q=0.8'
    'HTTP_USER_AGENT' => 'Mozilla/5.0 (Windows NT 10.0; Win64; x64) AppleWebKit/537.36 (KHTML, like Gecko) Chrome/68.0.3440.106 Safari/537.36'
    'HTTP_UPGRADE_INSECURE_REQUESTS' => '1'
    'HTTP_CACHE_CONTROL' => 'max-age=0'
    'HTTP_HOST' => '65.49.229.107'
    'REDIRECT_STATUS' => '200'
    'SERVER_NAME' => 'localhost'
    'SERVER_PORT' => '80'
    'SERVER_ADDR' => '65.49.229.107'
    'REMOTE_PORT' => '37706'
    'REMOTE_ADDR' => '65.49.218.3'
    'SERVER_SOFTWARE' => 'nginx/1.12.1'
    'GATEWAY_INTERFACE' => 'CGI/1.1'
    'REQUEST_SCHEME' => 'http'
    'SERVER_PROTOCOL' => 'HTTP/1.1'
    'DOCUMENT_ROOT' => '/usr/share/nginx/web'
    'DOCUMENT_URI' => '/index.php'
    'REQUEST_URI' => '/'
    'SCRIPT_NAME' => '/index.php'
    'CONTENT_LENGTH' => ''
    'CONTENT_TYPE' => ''
    'REQUEST_METHOD' => 'GET'
    'QUERY_STRING' => ''
    'SCRIPT_FILENAME' => '/var/www/basic/web/index.php'
    'FCGI_ROLE' => 'RESPONDER'
    'PHP_SELF' => '/index.php'
    'REQUEST_TIME_FLOAT' => 1536157280.2111
    'REQUEST_TIME' => 1536157280
]
2018-09-05 14:21:25 [65.49.218.3][-][-][error][yii\base\InvalidConfigException] yii\base\InvalidConfigException: yii\web\Request::cookieValidationKey must be configured with a secret key. in /var/www/basic/vendor/yiisoft/yii2/web/Request.php:1554
Stack trace:
#0 /var/www/basic/vendor/yiisoft/yii2/web/Request.php(1536): yii\web\Request->loadCookies()
#1 /var/www/basic/vendor/yiisoft/yii2/web/User.php(586): yii\web\Request->getCookies()
#2 /var/www/basic/vendor/yiisoft/yii2/web/User.php(314): yii\web\User->getIdentityAndDurationFromCookie()
#3 /var/www/basic/vendor/yiisoft/yii2/web/User.php(707): yii\web\User->loginByCookie()
#4 /var/www/basic/vendor/yiisoft/yii2/web/User.php(192): yii\web\User->renewAuthStatus()
#5 /var/www/basic/vendor/yiisoft/yii2/web/User.php(360): yii\web\User->getIdentity()
#6 /var/www/basic/vendor/yiisoft/yii2/base/Component.php(139): yii\web\User->getIsGuest()
#7 /var/www/basic/vendor/yiisoft/yii2-debug/panels/UserPanel.php(81): yii\base\Component->__get('isGuest')
#8 /var/www/basic/vendor/yiisoft/yii2/base/BaseObject.php(109): yii\debug\panels\UserPanel->init()
#9 [internal function]: yii\base\BaseObject->__construct(Array)
#10 /var/www/basic/vendor/yiisoft/yii2/di/Container.php(383): ReflectionClass->newInstanceArgs(Array)
#11 /var/www/basic/vendor/yiisoft/yii2/di/Container.php(156): yii\di\Container->build('yii\\debug\\panel...', Array, Array)
#12 /var/www/basic/vendor/yiisoft/yii2/BaseYii.php(349): yii\di\Container->get('yii\\debug\\panel...', Array, Array)
#13 /var/www/basic/vendor/yiisoft/yii2-debug/Module.php(177): yii\BaseYii::createObject(Array)
#14 /var/www/basic/vendor/yiisoft/yii2-debug/Module.php(149): yii\debug\Module->initPanels()
#15 /var/www/basic/vendor/yiisoft/yii2/base/BaseObject.php(109): yii\debug\Module->init()
#16 /var/www/basic/vendor/yiisoft/yii2/base/Module.php(158): yii\base\BaseObject->__construct(Array)
#17 [internal function]: yii\base\Module->__construct('debug', Object(yii\web\Application), Array)
#18 /var/www/basic/vendor/yiisoft/yii2/di/Container.php(375): ReflectionClass->newInstanceArgs(Array)
#19 /var/www/basic/vendor/yiisoft/yii2/di/Container.php(156): yii\di\Container->build('yii\\debug\\Modul...', Array, Array)
#20 /var/www/basic/vendor/yiisoft/yii2/BaseYii.php(349): yii\di\Container->get('yii\\debug\\Modul...', Array, Array)
#21 /var/www/basic/vendor/yiisoft/yii2/base/Module.php(427): yii\BaseYii::createObject(Array, Array)
#22 /var/www/basic/vendor/yiisoft/yii2/base/Application.php(315): yii\base\Module->getModule('debug')
#23 /var/www/basic/vendor/yiisoft/yii2/web/Application.php(69): yii\base\Application->bootstrap()
#24 /var/www/basic/vendor/yiisoft/yii2/base/Application.php(273): yii\web\Application->bootstrap()
#25 /var/www/basic/vendor/yiisoft/yii2/base/BaseObject.php(109): yii\base\Application->init()
#26 /var/www/basic/vendor/yiisoft/yii2/base/Application.php(206): yii\base\BaseObject->__construct(Array)
#27 /var/www/basic/web/index.php(12): yii\base\Application->__construct(Array)
#28 {main}
2018-09-05 14:21:25 [65.49.218.3][-][-][info][application] $_GET = []

$_POST = []

$_FILES = []

$_COOKIE = []

$_SERVER = [
    'USER' => 'apache'
    'HOME' => '/usr/share/httpd'
    'HTTP_CONNECTION' => 'close'
    'HTTP_ACCEPT_LANGUAGE' => 'zh-CN,zh;q=0.9,fr-CA;q=0.8,fr;q=0.7'
    'HTTP_ACCEPT_ENCODING' => 'gzip, deflate'
    'HTTP_ACCEPT' => 'text/html,application/xhtml+xml,application/xml;q=0.9,image/webp,image/apng,*/*;q=0.8'
    'HTTP_USER_AGENT' => 'Mozilla/5.0 (Windows NT 10.0; Win64; x64) AppleWebKit/537.36 (KHTML, like Gecko) Chrome/68.0.3440.106 Safari/537.36'
    'HTTP_UPGRADE_INSECURE_REQUESTS' => '1'
    'HTTP_HOST' => '65.49.229.107'
    'REDIRECT_STATUS' => '200'
    'SERVER_NAME' => 'localhost'
    'SERVER_PORT' => '80'
    'SERVER_ADDR' => '65.49.229.107'
    'REMOTE_PORT' => '37798'
    'REMOTE_ADDR' => '65.49.218.3'
    'SERVER_SOFTWARE' => 'nginx/1.12.1'
    'GATEWAY_INTERFACE' => 'CGI/1.1'
    'REQUEST_SCHEME' => 'http'
    'SERVER_PROTOCOL' => 'HTTP/1.1'
    'DOCUMENT_ROOT' => '/usr/share/nginx/web'
    'DOCUMENT_URI' => '/index.php'
    'REQUEST_URI' => '/index.php'
    'SCRIPT_NAME' => '/index.php'
    'CONTENT_LENGTH' => ''
    'CONTENT_TYPE' => ''
    'REQUEST_METHOD' => 'GET'
    'QUERY_STRING' => ''
    'SCRIPT_FILENAME' => '/var/www/basic/web/index.php'
    'FCGI_ROLE' => 'RESPONDER'
    'PHP_SELF' => '/index.php'
    'REQUEST_TIME_FLOAT' => 1536157285.7086
    'REQUEST_TIME' => 1536157285
]
2018-09-05 14:21:27 [65.49.218.3][-][-][error][yii\base\InvalidConfigException] yii\base\InvalidConfigException: yii\web\Request::cookieValidationKey must be configured with a secret key. in /var/www/basic/vendor/yiisoft/yii2/web/Request.php:1554
Stack trace:
#0 /var/www/basic/vendor/yiisoft/yii2/web/Request.php(1536): yii\web\Request->loadCookies()
#1 /var/www/basic/vendor/yiisoft/yii2/web/User.php(586): yii\web\Request->getCookies()
#2 /var/www/basic/vendor/yiisoft/yii2/web/User.php(314): yii\web\User->getIdentityAndDurationFromCookie()
#3 /var/www/basic/vendor/yiisoft/yii2/web/User.php(707): yii\web\User->loginByCookie()
#4 /var/www/basic/vendor/yiisoft/yii2/web/User.php(192): yii\web\User->renewAuthStatus()
#5 /var/www/basic/vendor/yiisoft/yii2/web/User.php(360): yii\web\User->getIdentity()
#6 /var/www/basic/vendor/yiisoft/yii2/base/Component.php(139): yii\web\User->getIsGuest()
#7 /var/www/basic/vendor/yiisoft/yii2-debug/panels/UserPanel.php(81): yii\base\Component->__get('isGuest')
#8 /var/www/basic/vendor/yiisoft/yii2/base/BaseObject.php(109): yii\debug\panels\UserPanel->init()
#9 [internal function]: yii\base\BaseObject->__construct(Array)
#10 /var/www/basic/vendor/yiisoft/yii2/di/Container.php(383): ReflectionClass->newInstanceArgs(Array)
#11 /var/www/basic/vendor/yiisoft/yii2/di/Container.php(156): yii\di\Container->build('yii\\debug\\panel...', Array, Array)
#12 /var/www/basic/vendor/yiisoft/yii2/BaseYii.php(349): yii\di\Container->get('yii\\debug\\panel...', Array, Array)
#13 /var/www/basic/vendor/yiisoft/yii2-debug/Module.php(177): yii\BaseYii::createObject(Array)
#14 /var/www/basic/vendor/yiisoft/yii2-debug/Module.php(149): yii\debug\Module->initPanels()
#15 /var/www/basic/vendor/yiisoft/yii2/base/BaseObject.php(109): yii\debug\Module->init()
#16 /var/www/basic/vendor/yiisoft/yii2/base/Module.php(158): yii\base\BaseObject->__construct(Array)
#17 [internal function]: yii\base\Module->__construct('debug', Object(yii\web\Application), Array)
#18 /var/www/basic/vendor/yiisoft/yii2/di/Container.php(375): ReflectionClass->newInstanceArgs(Array)
#19 /var/www/basic/vendor/yiisoft/yii2/di/Container.php(156): yii\di\Container->build('yii\\debug\\Modul...', Array, Array)
#20 /var/www/basic/vendor/yiisoft/yii2/BaseYii.php(349): yii\di\Container->get('yii\\debug\\Modul...', Array, Array)
#21 /var/www/basic/vendor/yiisoft/yii2/base/Module.php(427): yii\BaseYii::createObject(Array, Array)
#22 /var/www/basic/vendor/yiisoft/yii2/base/Application.php(315): yii\base\Module->getModule('debug')
#23 /var/www/basic/vendor/yiisoft/yii2/web/Application.php(69): yii\base\Application->bootstrap()
#24 /var/www/basic/vendor/yiisoft/yii2/base/Application.php(273): yii\web\Application->bootstrap()
#25 /var/www/basic/vendor/yiisoft/yii2/base/BaseObject.php(109): yii\base\Application->init()
#26 /var/www/basic/vendor/yiisoft/yii2/base/Application.php(206): yii\base\BaseObject->__construct(Array)
#27 /var/www/basic/web/index.php(12): yii\base\Application->__construct(Array)
#28 {main}
2018-09-05 14:21:27 [65.49.218.3][-][-][info][application] $_GET = []

$_POST = []

$_FILES = []

$_COOKIE = []

$_SERVER = [
    'USER' => 'apache'
    'HOME' => '/usr/share/httpd'
    'HTTP_CONNECTION' => 'close'
    'HTTP_ACCEPT_LANGUAGE' => 'zh-CN,zh;q=0.9,fr-CA;q=0.8,fr;q=0.7'
    'HTTP_ACCEPT_ENCODING' => 'gzip, deflate'
    'HTTP_ACCEPT' => 'text/html,application/xhtml+xml,application/xml;q=0.9,image/webp,image/apng,*/*;q=0.8'
    'HTTP_USER_AGENT' => 'Mozilla/5.0 (Windows NT 10.0; Win64; x64) AppleWebKit/537.36 (KHTML, like Gecko) Chrome/68.0.3440.106 Safari/537.36'
    'HTTP_UPGRADE_INSECURE_REQUESTS' => '1'
    'HTTP_HOST' => '65.49.229.107'
    'REDIRECT_STATUS' => '200'
    'SERVER_NAME' => 'localhost'
    'SERVER_PORT' => '80'
    'SERVER_ADDR' => '65.49.229.107'
    'REMOTE_PORT' => '37824'
    'REMOTE_ADDR' => '65.49.218.3'
    'SERVER_SOFTWARE' => 'nginx/1.12.1'
    'GATEWAY_INTERFACE' => 'CGI/1.1'
    'REQUEST_SCHEME' => 'http'
    'SERVER_PROTOCOL' => 'HTTP/1.1'
    'DOCUMENT_ROOT' => '/usr/share/nginx/web'
    'DOCUMENT_URI' => '/index.php'
    'REQUEST_URI' => '/index.php'
    'SCRIPT_NAME' => '/index.php'
    'CONTENT_LENGTH' => ''
    'CONTENT_TYPE' => ''
    'REQUEST_METHOD' => 'GET'
    'QUERY_STRING' => ''
    'SCRIPT_FILENAME' => '/var/www/basic/web/index.php'
    'FCGI_ROLE' => 'RESPONDER'
    'PHP_SELF' => '/index.php'
    'REQUEST_TIME_FLOAT' => 1536157287.3407
    'REQUEST_TIME' => 1536157287
]
2018-09-05 14:23:57 [180.163.220.5][-][-][error][yii\base\InvalidConfigException] yii\base\InvalidConfigException: yii\web\Request::cookieValidationKey must be configured with a secret key. in /var/www/basic/vendor/yiisoft/yii2/web/Request.php:1554
Stack trace:
#0 /var/www/basic/vendor/yiisoft/yii2/web/Request.php(1536): yii\web\Request->loadCookies()
#1 /var/www/basic/vendor/yiisoft/yii2/web/User.php(586): yii\web\Request->getCookies()
#2 /var/www/basic/vendor/yiisoft/yii2/web/User.php(314): yii\web\User->getIdentityAndDurationFromCookie()
#3 /var/www/basic/vendor/yiisoft/yii2/web/User.php(707): yii\web\User->loginByCookie()
#4 /var/www/basic/vendor/yiisoft/yii2/web/User.php(192): yii\web\User->renewAuthStatus()
#5 /var/www/basic/vendor/yiisoft/yii2/web/User.php(360): yii\web\User->getIdentity()
#6 /var/www/basic/vendor/yiisoft/yii2/base/Component.php(139): yii\web\User->getIsGuest()
#7 /var/www/basic/vendor/yiisoft/yii2-debug/panels/UserPanel.php(81): yii\base\Component->__get('isGuest')
#8 /var/www/basic/vendor/yiisoft/yii2/base/BaseObject.php(109): yii\debug\panels\UserPanel->init()
#9 [internal function]: yii\base\BaseObject->__construct(Array)
#10 /var/www/basic/vendor/yiisoft/yii2/di/Container.php(383): ReflectionClass->newInstanceArgs(Array)
#11 /var/www/basic/vendor/yiisoft/yii2/di/Container.php(156): yii\di\Container->build('yii\\debug\\panel...', Array, Array)
#12 /var/www/basic/vendor/yiisoft/yii2/BaseYii.php(349): yii\di\Container->get('yii\\debug\\panel...', Array, Array)
#13 /var/www/basic/vendor/yiisoft/yii2-debug/Module.php(177): yii\BaseYii::createObject(Array)
#14 /var/www/basic/vendor/yiisoft/yii2-debug/Module.php(149): yii\debug\Module->initPanels()
#15 /var/www/basic/vendor/yiisoft/yii2/base/BaseObject.php(109): yii\debug\Module->init()
#16 /var/www/basic/vendor/yiisoft/yii2/base/Module.php(158): yii\base\BaseObject->__construct(Array)
#17 [internal function]: yii\base\Module->__construct('debug', Object(yii\web\Application), Array)
#18 /var/www/basic/vendor/yiisoft/yii2/di/Container.php(375): ReflectionClass->newInstanceArgs(Array)
#19 /var/www/basic/vendor/yiisoft/yii2/di/Container.php(156): yii\di\Container->build('yii\\debug\\Modul...', Array, Array)
#20 /var/www/basic/vendor/yiisoft/yii2/BaseYii.php(349): yii\di\Container->get('yii\\debug\\Modul...', Array, Array)
#21 /var/www/basic/vendor/yiisoft/yii2/base/Module.php(427): yii\BaseYii::createObject(Array, Array)
#22 /var/www/basic/vendor/yiisoft/yii2/base/Application.php(315): yii\base\Module->getModule('debug')
#23 /var/www/basic/vendor/yiisoft/yii2/web/Application.php(69): yii\base\Application->bootstrap()
#24 /var/www/basic/vendor/yiisoft/yii2/base/Application.php(273): yii\web\Application->bootstrap()
#25 /var/www/basic/vendor/yiisoft/yii2/base/BaseObject.php(109): yii\base\Application->init()
#26 /var/www/basic/vendor/yiisoft/yii2/base/Application.php(206): yii\base\BaseObject->__construct(Array)
#27 /var/www/basic/web/index.php(12): yii\base\Application->__construct(Array)
#28 {main}
2018-09-05 14:23:57 [180.163.220.5][-][-][info][application] $_GET = []

$_POST = []

$_FILES = []

$_COOKIE = []

$_SERVER = [
    'USER' => 'apache'
    'HOME' => '/usr/share/httpd'
    'HTTP_ACCEPT_ENCODING' => 'gzip, deflate'
    'HTTP_ACCEPT' => 'text/html,application/xhtml+xml,application/xml;q=0.9,image/webp,image/apng,*/*;q=0.8'
    'HTTP_USER_AGENT' => 'Mozilla/5.0 (Windows NT 6.1) AppleWebKit/537.36 (KHTML, like Gecko) Chrome/36.0.1985.125 Safari/537.36'
    'HTTP_UPGRADE_INSECURE_REQUESTS' => '1'
    'HTTP_CONNECTION' => 'keep-alive'
    'HTTP_HOST' => '65.49.229.107'
    'REDIRECT_STATUS' => '200'
    'SERVER_NAME' => 'localhost'
    'SERVER_PORT' => '80'
    'SERVER_ADDR' => '65.49.229.107'
    'REMOTE_PORT' => '41957'
    'REMOTE_ADDR' => '180.163.220.5'
    'SERVER_SOFTWARE' => 'nginx/1.12.1'
    'GATEWAY_INTERFACE' => 'CGI/1.1'
    'REQUEST_SCHEME' => 'http'
    'SERVER_PROTOCOL' => 'HTTP/1.1'
    'DOCUMENT_ROOT' => '/usr/share/nginx/web'
    'DOCUMENT_URI' => '/index.php'
    'REQUEST_URI' => '/'
    'SCRIPT_NAME' => '/index.php'
    'CONTENT_LENGTH' => ''
    'CONTENT_TYPE' => ''
    'REQUEST_METHOD' => 'GET'
    'QUERY_STRING' => ''
    'SCRIPT_FILENAME' => '/var/www/basic/web/index.php'
    'FCGI_ROLE' => 'RESPONDER'
    'PHP_SELF' => '/index.php'
    'REQUEST_TIME_FLOAT' => 1536157437.3447
    'REQUEST_TIME' => 1536157437
]
2018-09-05 14:25:37 [65.49.218.3][-][-][warning][yii\debug\Module::checkAccess] Access to debugger is denied due to IP address restriction. The requesting IP address is 65.49.218.3
    in /var/www/basic/views/layouts/main.php:78
    in /var/www/basic/controllers/SiteController.php:64
2018-09-05 14:25:37 [65.49.218.3][-][-][warning][yii\debug\Module::checkAccess] Access to debugger is denied due to IP address restriction. The requesting IP address is 65.49.218.3
2018-09-05 14:25:37 [65.49.218.3][-][-][info][application] $_GET = []

$_POST = []

$_FILES = []

$_COOKIE = []

$_SESSION = [
    '__flash' => []
]

$_SERVER = [
    'USER' => 'apache'
    'HOME' => '/usr/share/httpd'
    'HTTP_CONNECTION' => 'close'
    'HTTP_ACCEPT_LANGUAGE' => 'zh-CN,zh;q=0.9,fr-CA;q=0.8,fr;q=0.7'
    'HTTP_ACCEPT_ENCODING' => 'gzip, deflate'
    'HTTP_ACCEPT' => 'text/html,application/xhtml+xml,application/xml;q=0.9,image/webp,image/apng,*/*;q=0.8'
    'HTTP_USER_AGENT' => 'Mozilla/5.0 (Windows NT 10.0; Win64; x64) AppleWebKit/537.36 (KHTML, like Gecko) Chrome/68.0.3440.106 Safari/537.36'
    'HTTP_UPGRADE_INSECURE_REQUESTS' => '1'
    'HTTP_CACHE_CONTROL' => 'max-age=0'
    'HTTP_HOST' => '65.49.229.107'
    'REDIRECT_STATUS' => '200'
    'SERVER_NAME' => 'localhost'
    'SERVER_PORT' => '80'
    'SERVER_ADDR' => '65.49.229.107'
    'REMOTE_PORT' => '42090'
    'REMOTE_ADDR' => '65.49.218.3'
    'SERVER_SOFTWARE' => 'nginx/1.12.1'
    'GATEWAY_INTERFACE' => 'CGI/1.1'
    'REQUEST_SCHEME' => 'http'
    'SERVER_PROTOCOL' => 'HTTP/1.1'
    'DOCUMENT_ROOT' => '/usr/share/nginx/web'
    'DOCUMENT_URI' => '/index.php'
    'REQUEST_URI' => '/index.php'
    'SCRIPT_NAME' => '/index.php'
    'CONTENT_LENGTH' => ''
    'CONTENT_TYPE' => ''
    'REQUEST_METHOD' => 'GET'
    'QUERY_STRING' => ''
    'SCRIPT_FILENAME' => '/var/www/basic/web/index.php'
    'FCGI_ROLE' => 'RESPONDER'
    'PHP_SELF' => '/index.php'
    'REQUEST_TIME_FLOAT' => 1536157537.6054
    'REQUEST_TIME' => 1536157537
]
2018-09-05 14:29:42 [180.163.220.66][-][-][warning][yii\debug\Module::checkAccess] Access to debugger is denied due to IP address restriction. The requesting IP address is 180.163.220.66
    in /var/www/basic/views/layouts/main.php:78
    in /var/www/basic/controllers/SiteController.php:64
2018-09-05 14:29:42 [180.163.220.66][-][-][warning][yii\debug\Module::checkAccess] Access to debugger is denied due to IP address restriction. The requesting IP address is 180.163.220.66
2018-09-05 14:29:42 [180.163.220.66][-][-][info][application] $_GET = []

$_POST = []

$_FILES = []

$_COOKIE = []

$_SESSION = [
    '__flash' => []
]

$_SERVER = [
    'USER' => 'apache'
    'HOME' => '/usr/share/httpd'
    'HTTP_ACCEPT_ENCODING' => 'gzip, deflate'
    'HTTP_ACCEPT' => 'text/html,application/xhtml+xml,application/xml;q=0.9,image/webp,image/apng,*/*;q=0.8'
    'HTTP_USER_AGENT' => 'Mozilla/5.0 (Windows NT 6.1) AppleWebKit/537.36 (KHTML, like Gecko) Chrome/36.0.1985.125 Safari/537.36'
    'HTTP_UPGRADE_INSECURE_REQUESTS' => '1'
    'HTTP_CONNECTION' => 'keep-alive'
    'HTTP_HOST' => '65.49.229.107'
    'REDIRECT_STATUS' => '200'
    'SERVER_NAME' => 'localhost'
    'SERVER_PORT' => '80'
    'SERVER_ADDR' => '65.49.229.107'
    'REMOTE_PORT' => '42626'
    'REMOTE_ADDR' => '180.163.220.66'
    'SERVER_SOFTWARE' => 'nginx/1.12.1'
    'GATEWAY_INTERFACE' => 'CGI/1.1'
    'REQUEST_SCHEME' => 'http'
    'SERVER_PROTOCOL' => 'HTTP/1.1'
    'DOCUMENT_ROOT' => '/usr/share/nginx/web'
    'DOCUMENT_URI' => '/index.php'
    'REQUEST_URI' => '/index.php'
    'SCRIPT_NAME' => '/index.php'
    'CONTENT_LENGTH' => ''
    'CONTENT_TYPE' => ''
    'REQUEST_METHOD' => 'GET'
    'QUERY_STRING' => ''
    'SCRIPT_FILENAME' => '/var/www/basic/web/index.php'
    'FCGI_ROLE' => 'RESPONDER'
    'PHP_SELF' => '/index.php'
    'REQUEST_TIME_FLOAT' => 1536157782.5131
    'REQUEST_TIME' => 1536157782
]
2018-09-05 14:30:35 [187.102.54.11][-][-][warning][yii\debug\Module::checkAccess] Access to debugger is denied due to IP address restriction. The requesting IP address is 187.102.54.11
    in /var/www/basic/views/layouts/main.php:78
    in /var/www/basic/controllers/SiteController.php:64
2018-09-05 14:30:35 [187.102.54.11][-][-][warning][yii\debug\Module::checkAccess] Access to debugger is denied due to IP address restriction. The requesting IP address is 187.102.54.11
2018-09-05 14:30:35 [187.102.54.11][-][-][info][application] $_GET = []

$_POST = []

$_FILES = []

$_COOKIE = []

$_SESSION = [
    '__flash' => []
]

$_SERVER = [
    'USER' => 'apache'
    'HOME' => '/usr/share/httpd'
    'HTTP_CONTENT_LENGTH' => '0'
    'HTTP_USER_AGENT' => 'Mozilla/5.0 (Macintosh; Intel Mac OS X 10_11_6) AppleWebKit/601.7.7 (KHTML, like Gecko) Version/9.1.2 Safari/601.7.7'
    'HTTP_HOST' => '65.49.229.107:80'
    'REDIRECT_STATUS' => '200'
    'SERVER_NAME' => 'localhost'
    'SERVER_PORT' => '80'
    'SERVER_ADDR' => '65.49.229.107'
    'REMOTE_PORT' => '43408'
    'REMOTE_ADDR' => '187.102.54.11'
    'SERVER_SOFTWARE' => 'nginx/1.12.1'
    'GATEWAY_INTERFACE' => 'CGI/1.1'
    'REQUEST_SCHEME' => 'http'
    'SERVER_PROTOCOL' => 'HTTP/1.1'
    'DOCUMENT_ROOT' => '/usr/share/nginx/web'
    'DOCUMENT_URI' => '/index.php'
    'REQUEST_URI' => '/'
    'SCRIPT_NAME' => '/index.php'
    'CONTENT_LENGTH' => '0'
    'CONTENT_TYPE' => ''
    'REQUEST_METHOD' => 'GET'
    'QUERY_STRING' => ''
    'SCRIPT_FILENAME' => '/var/www/basic/web/index.php'
    'FCGI_ROLE' => 'RESPONDER'
    'PHP_SELF' => '/index.php'
    'REQUEST_TIME_FLOAT' => 1536157835.9821
    'REQUEST_TIME' => 1536157835
]
